app/build/intermediates/manifest_merge_blame_file/debug/manifest-merger-blame-debug-report.txt
1<?xml version="1.0" encoding="utf-8"?>
2<manifest xmlns:android="http://schemas.android.com/apk/res/android"
3    package="com.avatorsinc.volumefix"
4    android:versionCode="8"
5    android:versionName="2.0.0" >
6
7    <uses-sdk
8        android:minSdkVersion="23"
8-->src\main\AndroidManifest.xml
9        android:targetSdkVersion="33" />
9-->src\main\AndroidManifest.xml
10
11    <uses-permission android:name="android.permission.FOREGROUND_SERVICE" />
11-->src\main\AndroidManifest.xml:4:5-76
11-->src\main\AndroidManifest.xml:4:22-74
12    <uses-permission android:name="android.permission.ACCESS_NOTIFICATION_POLICY" />
12-->src\main\AndroidManifest.xml:5:5-84
12-->src\main\AndroidManifest.xml:5:22-82
13    <uses-permission android:name="android.permission.RECEIVE_BOOT_COMPLETED" />
13-->src\main\AndroidManifest.xml:6:5-81
13-->src\main\AndroidManifest.xml:6:22-78
14    <uses-permission android:name="android.permission.MODIFY_AUDIO_SETTINGS" />
14-->src\main\AndroidManifest.xml:7:5-80
14-->src\main\AndroidManifest.xml:7:22-77
15
16    <!-- Added permission -->
17    <application
17-->src\main\AndroidManifest.xml:9:5-37:19
18        android:allowBackup="true"
18-->src\main\AndroidManifest.xml:10:9-35
19        android:appComponentFactory="androidx.core.app.CoreComponentFactory"
19-->[androidx.core:core:1.7.0] AndroidManifest.xml:24:18-86
20        android:debuggable="true"
21        android:extractNativeLibs="false"
22        android:icon="@mipmap/ic_volumefix"
22-->src\main\AndroidManifest.xml:11:9-44
23        android:label="@string/app_name"
23-->src\main\AndroidManifest.xml:12:9-41
24        android:roundIcon="@mipmap/ic_volumefix_round"
24-->src\main\AndroidManifest.xml:13:9-55
25        android:supportsRtl="true"
25-->src\main\AndroidManifest.xml:14:9-35
26        android:testOnly="true"
27        android:theme="@style/Theme.Volume" >
27-->src\main\AndroidManifest.xml:15:9-44
28        <activity
28-->src\main\AndroidManifest.xml:16:9-25:20
29            android:name="com.avatorsinc.volumefix.ui.MainActivity"
29-->src\main\AndroidManifest.xml:17:13-44
30            android:exported="true"
30-->src\main\AndroidManifest.xml:19:13-36
31            android:launchMode="singleTop" >
31-->src\main\AndroidManifest.xml:18:13-43
32            <intent-filter>
32-->src\main\AndroidManifest.xml:20:13-24:29
33                <action android:name="android.intent.action.MAIN" />
33-->src\main\AndroidManifest.xml:21:17-69
33-->src\main\AndroidManifest.xml:21:25-66
34
35                <category android:name="android.intent.category.LAUNCHER" />
35-->src\main\AndroidManifest.xml:23:17-77
35-->src\main\AndroidManifest.xml:23:27-74
36            </intent-filter>
37        </activity>
38
39        <service android:name="com.avatorsinc.volumefix.service.VolumeService" />
39-->src\main\AndroidManifest.xml:27:9-58
39-->src\main\AndroidManifest.xml:27:18-55
40
41        <receiver
41-->src\main\AndroidManifest.xml:29:9-35:20
42            android:name="com.avatorsinc.volumefix.BootReceiver"
42-->src\main\AndroidManifest.xml:30:13-41
43            android:exported="true" >
43-->src\main\AndroidManifest.xml:31:13-36
44            <intent-filter>
44-->src\main\AndroidManifest.xml:32:13-34:29
45                <action android:name="android.intent.action.BOOT_COMPLETED" />
45-->src\main\AndroidManifest.xml:33:17-78
45-->src\main\AndroidManifest.xml:33:25-76
46            </intent-filter>
47        </receiver>
48
49        <activity android:name="com.mikepenz.aboutlibraries.ui.LibsActivity" />
49-->[com.mikepenz:aboutlibraries:8.9.0] AndroidManifest.xml:10:9-80
49-->[com.mikepenz:aboutlibraries:8.9.0] AndroidManifest.xml:10:19-77
50
51        <provider
51-->[androidx.emoji2:emoji2:1.0.0] AndroidManifest.xml:26:9-34:20
52            android:name="androidx.startup.InitializationProvider"
52-->[androidx.emoji2:emoji2:1.0.0] AndroidManifest.xml:27:13-67
53            android:authorities="com.avatorsinc.volumefix.androidx-startup"
53-->[androidx.emoji2:emoji2:1.0.0] AndroidManifest.xml:28:13-68
54            android:exported="false" >
54-->[androidx.emoji2:emoji2:1.0.0] AndroidManifest.xml:29:13-37
55            <meta-data
55-->[androidx.emoji2:emoji2:1.0.0] AndroidManifest.xml:31:13-33:52
56                android:name="androidx.emoji2.text.EmojiCompatInitializer"
56-->[androidx.emoji2:emoji2:1.0.0] AndroidManifest.xml:32:17-75
57                android:value="androidx.startup" />
57-->[androidx.emoji2:emoji2:1.0.0] AndroidManifest.xml:33:17-49
58            <meta-data
58-->[androidx.lifecycle:lifecycle-process:2.4.0] AndroidManifest.xml:31:13-33:52
59                android:name="androidx.lifecycle.ProcessLifecycleInitializer"
59-->[androidx.lifecycle:lifecycle-process:2.4.0] AndroidManifest.xml:32:17-78
60                android:value="androidx.startup" />
60-->[androidx.lifecycle:lifecycle-process:2.4.0] AndroidManifest.xml:33:17-49
61        </provider>
62    </application>
63
64</manifest>